#
# There is insufficient memory for the Java Runtime Environment to continue.
# Native memory allocation (mmap) failed to map 201326592 bytes for G1 virtual space
# Possible reasons:
#   The system is out of physical RAM or swap space
#   The process is running with CompressedOops enabled, and the Java Heap may be blocking the growth of the native heap
# Possible solutions:
#   Reduce memory load on the system
#   Increase physical memory or swap space
#   Check if swap backing store is full
#   Decrease Java heap size (-Xmx/-Xms)
#   Decrease number of Java threads
#   Decrease Java thread stack sizes (-Xss)
#   Set larger code cache with -XX:ReservedCodeCacheSize=
#   JVM is running with Zero Based Compressed Oops mode in which the Java heap is
#     placed in the first 32GB address space. The Java Heap base address is the
#     maximum limit for the native heap growth. Please use -XX:HeapBaseMinAddress
#     to set the Java Heap base and to place the Java Heap above 32GB virtual address.
# This output file may be truncated or incomplete.
#
#  Out of Memory Error (os_windows.cpp:3527), pid=31024, tid=30492
#
# JRE version:  (19.0.1+10) (build )
# Java VM: Java HotSpot(TM) 64-Bit Server VM (19.0.1+10-21, mixed mode, sharing, tiered, compressed oops, compressed class ptrs, g1 gc, windows-amd64)
# No core dump will be written. Minidumps are not enabled by default on client versions of Windows
#

---------------  S U M M A R Y ------------

Command Line: -Dfile.encoding=UTF-8 --module-path=C:\Users\Lenovo\git\Letrers\bin -XX:+ShowCodeDetailsInExceptionMessages -Djdk.module.main=Letrers Letrers/view.TelaCadastro

Host: Intel(R) Core(TM) i5-8250U CPU @ 1.60GHz, 8 cores, 11G,  Windows 11 , 64 bit Build 22000 (10.0.22000.1335)
Time: Mon Jan 16 19:20:39 2023 Hora oficial do Brasil elapsed time: 0.013983 seconds (0d 0h 0m 0s)

---------------  T H R E A D  ---------------

Current thread (0x000002936427d520):  JavaThread "Unknown thread" [_thread_in_vm, id=30492, stack(0x000000cda7000000,0x000000cda7100000)]

Stack: [0x000000cda7000000,0x000000cda7100000]
Native frames: (J=compiled Java code, j=interpreted, Vv=VM code, C=native code)
V  [jvm.dll+0x6ee8fa]
V  [jvm.dll+0x857a1e]
V  [jvm.dll+0x85940e]
V  [jvm.dll+0x859ac3]
V  [jvm.dll+0x28291f]
V  [jvm.dll+0x6eb6e9]
V  [jvm.dll+0x6e028a]
V  [jvm.dll+0x357136]
V  [jvm.dll+0x35eb96]
V  [jvm.dll+0x3b555e]
V  [jvm.dll+0x3b578f]
V  [jvm.dll+0x32c6ea]
V  [jvm.dll+0x32d59e]
V  [jvm.dll+0x821b20]
V  [jvm.dll+0x3c27c1]
V  [jvm.dll+0x8022f1]
V  [jvm.dll+0x44b30f]
V  [jvm.dll+0x44cc91]
C  [jli.dll+0x5287]
C  [ucrtbase.dll+0x26c0c]
C  [KERNEL32.DLL+0x155a0]
C  [ntdll.dll+0x485b]


---------------  P R O C E S S  ---------------

Threads class SMR info:
_java_thread_list=0x00007ffec9b7d048, length=0, elements={
}

Java Threads: ( => current thread )

Other Threads:
  0x00000293642dbbb0 WorkerThread "GC Thread#0" [stack: 0x000000cda7100000,0x000000cda7200000] [id=24012]
  0x00000293642e89a0 ConcurrentGCThread "G1 Main Marker" [stack: 0x000000cda7200000,0x000000cda7300000] [id=24880]
  0x00000293642e9e70 WorkerThread "G1 Conc#0" [stack: 0x000000cda7300000,0x000000cda7400000] [id=29772]

[error occurred during error reporting (printing all threads), id 0xc0000005, EXCEPTION_ACCESS_VIOLATION (0xc0000005) at pc=0x00007ffec933d127]

VM state: not at safepoint (not fully initialized)

VM Mutex/Monitor currently owned by a thread:  ([mutex/lock_event])
[0x00000293642788e0] Heap_lock - owner thread: 0x000002936427d520

Heap address: 0x0000000741600000, size: 3050 MB, Compressed Oops mode: Zero based, Oop shift amount: 3

CDS archive(s) mapped at: [0x0000000000000000-0x0000000000000000-0x0000000000000000), size 0, SharedBaseAddress: 0x0000000800000000, ArchiveRelocationMode: 0.
Narrow klass base: 0x0000000000000000, Narrow klass shift: 0, Narrow klass range: 0x0

GC Precious Log:
 CardTable entry size: 512
 Card Set container configuration: InlinePtr #cards 4 size 8 Array Of Cards #cards 16 size 48 Howl #buckets 8 coarsen threshold 3686 Howl Bitmap #cards 512 size 80 coarsen threshold 460 Card regions per heap region 1 cards per card region 4096

Heap:
 garbage-first heap   total 0K, used 0K [0x0000000741600000, 0x0000000800000000)
  region size 2048K, 0 young (0K), 0 survivors (0K)

[error occurred during error reporting (printing heap information), id 0xc0000005, EXCEPTION_ACCESS_VIOLATION (0xc0000005) at pc=0x00007ffec9746959]

GC Heap History (0 events):
No events

Dll operation events (1 events):
Event: 0.009 Loaded shared library C:\Program Files\Java\jdk-19\bin\java.dll

Deoptimization events (0 events):
No events

Classes loaded (0 events):
No events

Classes unloaded (0 events):
No events

Classes redefined (0 events):
No events

Internal exceptions (0 events):
No events

VM Operations (0 events):
No events

Events (0 events):
No events


Dynamic libraries:
0x00007ff685e40000 - 0x00007ff685e50000 	C:\Program Files\Java\jdk-19\bin\javaw.exe
0x00007fff1f700000 - 0x00007fff1f909000 	C:\Windows\SYSTEM32\ntdll.dll
0x00007fff1e010000 - 0x00007fff1e0ce000 	C:\Windows\System32\KERNEL32.DLL
0x00007fff1cc90000 - 0x00007fff1d00b000 	C:\Windows\System32\KERNELBASE.dll
0x00007fff1d180000 - 0x00007fff1d291000 	C:\Windows\System32\ucrtbase.dll
0x00007fff16930000 - 0x00007fff16948000 	C:\Program Files\Java\jdk-19\bin\jli.dll
0x00007fff16c40000 - 0x00007fff16c5b000 	C:\Program Files\Java\jdk-19\bin\VCRUNTIME140.dll
0x00007fff1ef00000 - 0x00007fff1efae000 	C:\Windows\System32\ADVAPI32.dll
0x00007fff1de10000 - 0x00007fff1deb3000 	C:\Windows\System32\msvcrt.dll
0x00007fff1df70000 - 0x00007fff1e00e000 	C:\Windows\System32\sechost.dll
0x00007fff1d580000 - 0x00007fff1d6a0000 	C:\Windows\System32\RPCRT4.dll
0x00007fff1eb80000 - 0x00007fff1ed2d000 	C:\Windows\System32\USER32.dll
0x00007fff03950000 - 0x00007fff03bf5000 	C:\Windows\WinSxS\amd64_microsoft.windows.common-controls_6595b64144ccf1df_6.0.22000.120_none_9d947278b86cc467\COMCTL32.dll
0x00007fff1d3c0000 - 0x00007fff1d3e6000 	C:\Windows\System32\win32u.dll
0x00007fff1dbb0000 - 0x00007fff1dbd9000 	C:\Windows\System32\GDI32.dll
0x00007fff1d2a0000 - 0x00007fff1d3b8000 	C:\Windows\System32\gdi32full.dll
0x00007fff169a0000 - 0x00007fff169aa000 	C:\Windows\SYSTEM32\VERSION.dll
0x00007fff1d3f0000 - 0x00007fff1d48d000 	C:\Windows\System32\msvcp_win.dll
0x00007fff1df30000 - 0x00007fff1df62000 	C:\Windows\System32\IMM32.DLL
0x00007fff19450000 - 0x00007fff1945c000 	C:\Program Files\Java\jdk-19\bin\vcruntime140_1.dll
0x00007fff0c410000 - 0x00007fff0c49e000 	C:\Program Files\Java\jdk-19\bin\msvcp140.dll
0x00007ffec9000000 - 0x00007ffec9cc0000 	C:\Program Files\Java\jdk-19\bin\server\jvm.dll
0x00007ffef6610000 - 0x00007ffef6619000 	C:\Windows\SYSTEM32\WSOCK32.dll
0x00007fff16a00000 - 0x00007fff16a33000 	C:\Windows\SYSTEM32\WINMM.dll
0x00007fff1e0d0000 - 0x00007fff1e13f000 	C:\Windows\System32\WS2_32.dll
0x00007fff1bc10000 - 0x00007fff1bc28000 	C:\Windows\SYSTEM32\kernel.appcore.dll
0x00007fff17540000 - 0x00007fff1754a000 	C:\Program Files\Java\jdk-19\bin\jimage.dll
0x00007fff04bd0000 - 0x00007fff04df1000 	C:\Windows\SYSTEM32\DBGHELP.DLL
0x00007fff0a8d0000 - 0x00007fff0a901000 	C:\Windows\SYSTEM32\dbgcore.DLL
0x00007fff1d490000 - 0x00007fff1d50f000 	C:\Windows\System32\bcryptPrimitives.dll
0x00007fff0c3e0000 - 0x00007fff0c406000 	C:\Program Files\Java\jdk-19\bin\java.dll

dbghelp: loaded successfully - version: 4.0.5 - missing functions: none
symbol engine: initialized successfully - sym options: 0x614 - pdb path: .;C:\Program Files\Java\jdk-19\bin;C:\Windows\SYSTEM32;C:\Windows\WinSxS\amd64_microsoft.windows.common-controls_6595b64144ccf1df_6.0.22000.120_none_9d947278b86cc467;C:\Program Files\Java\jdk-19\bin\server

VM Arguments:
jvm_args: -Dfile.encoding=UTF-8 --module-path=C:\Users\Lenovo\git\Letrers\bin -XX:+ShowCodeDetailsInExceptionMessages -Djdk.module.main=Letrers 
java_command: Letrers/view.TelaCadastro
java_class_path (initial): <not set>
Launcher Type: SUN_STANDARD

[Global flags]
     intx CICompilerCount                          = 4                                         {product} {ergonomic}
     uint ConcGCThreads                            = 2                                         {product} {ergonomic}
     uint G1ConcRefinementThreads                  = 8                                         {product} {ergonomic}
   size_t G1HeapRegionSize                         = 2097152                                   {product} {ergonomic}
    uintx GCDrainStackTargetSize                   = 64                                        {product} {ergonomic}
   size_t InitialHeapSize                          = 201326592                                 {product} {ergonomic}
   size_t MarkStackSize                            = 4194304                                   {product} {ergonomic}
   size_t MaxHeapSize                              = 3198156800                                {product} {ergonomic}
   size_t MinHeapDeltaBytes                        = 2097152                                   {product} {ergonomic}
   size_t MinHeapSize                              = 8388608                                   {product} {ergonomic}
    uintx NonNMethodCodeHeapSize                   = 5839372                                {pd product} {ergonomic}
    uintx NonProfiledCodeHeapSize                  = 122909434                              {pd product} {ergonomic}
    uintx ProfiledCodeHeapSize                     = 122909434                              {pd product} {ergonomic}
    uintx ReservedCodeCacheSize                    = 251658240                              {pd product} {ergonomic}
     bool SegmentedCodeCache                       = true                                      {product} {ergonomic}
     bool ShowCodeDetailsInExceptionMessages       = true                                   {manageable} {command line}
   size_t SoftMaxHeapSize                          = 3198156800                             {manageable} {ergonomic}
     bool UseCompressedClassPointers               = true                           {product lp64_product} {ergonomic}
     bool UseCompressedOops                        = true                           {product lp64_product} {ergonomic}
     bool UseG1GC                                  = true                                      {product} {ergonomic}
     bool UseLargePagesIndividualAllocation        = false                                  {pd product} {ergonomic}

Logging:
Log output configuration:
 #0: stdout all=warning uptime,level,tags foldmultilines=false
 #1: stderr all=off uptime,level,tags foldmultilines=false

Environment Variables:
JAVA_HOME=C:\Program Files\Eclipse Adoptium\jre-8.0.312.7-hotspot\
PATH=C:\Program Files\Common Files\Oracle\Java\javapath;C:\Python310\Scripts\;C:\Python310\;C:\Program Files\Eclipse Adoptium\jre-8.0.312.7-hotspot\bin;C:\Program Files\Eclipse Adoptium\jre-11.0.13.8-hotspot\bin;C:\Program Files (x86)\Eclipse Adoptium\jre-8.0.312.7-hotspot\bin;C:\Windows\system32;C:\Windows;C:\Windows\System32\Wbem;C:\Windows\System32\WindowsPowerShell\v1.0\;C:\Windows\System32\OpenSSH\;C:\Program Files\Calibre2\;C:\Program Files\Microsoft SQL Server\120\Tools\Binn\;C:\MinGW\bin;C:\Git\cmd;C:\Program Files\dotnet\;C:\Program Files\nodejs\;C:\ProgramData\chocolatey\bin;C:\Program Files\PowerShell\7\;C:\Users\Lenovo\AppData\Local\Microsoft\WindowsApps;C:\Users\Lenovo\AppData\Local\Programs\Microsoft VS Code\bin;C:\MinGW\bin;C:\Users\Lenovo\AppData\Local\GitHubDesktop\bin;C:\Users\Lenovo\AppData\Roaming\npm
USERNAME=Lenovo
OS=Windows_NT
PROCESSOR_IDENTIFIER=Intel64 Family 6 Model 142 Stepping 10, GenuineIntel
TMP=C:\Users\Lenovo\AppData\Local\Temp
TEMP=C:\Users\Lenovo\AppData\Local\Temp



---------------  S Y S T E M  ---------------

OS:
 Windows 11 , 64 bit Build 22000 (10.0.22000.1335)
OS uptime: 2 days 23:36 hours
Hyper-V role detected

CPU: total 8 (initial active 8) (4 cores per cpu, 2 threads per core) family 6 model 142 stepping 10 microcode 0xe0, cx8, cmov, fxsr, ht, mmx, 3dnowpref, sse, sse2, sse3, ssse3, sse4.1, sse4.2, popcnt, lzcnt, tsc, tscinvbit, avx, avx2, aes, erms, clmul, bmi1, bmi2, adx, fma, vzeroupper, clflush, clflushopt, hv, rdtscp

Memory: 4k page, system-wide physical 12197M (1862M free)
TotalPageFile size 49036M (AvailPageFile size 129M)
current process WorkingSet (physical memory assigned to process): 10M, peak: 10M
current process commit charge ("private bytes"): 60M, peak: 252M

vm_info: Java HotSpot(TM) 64-Bit Server VM (19.0.1+10-21) for windows-amd64 JRE (19.0.1+10-21), built on 2022-09-14T12:45:06Z by "mach5one" with MS VC++ 17.1 (VS2022)

END.
